<?xml version="1.0" encoding="UTF-8"?>
<!-- Generated by org.testng.reporters.JUnitReportReporter -->
<testsuite skipped="0" hostname="LAPTOP-N0G0NBDP" name="com.myapp.qa.Tests.Demo1" tests="1" failures="0" timestamp="05 Sep 2021 15:13:22 GMT" time="12.496" errors="0">
  <testcase name="fetchCurrentURL" time="12.496" classname="com.myapp.qa.Tests.Demo1"/>
</testsuite> <!-- com.myapp.qa.Tests.Demo1 -->
