<?xml version="1.0" encoding="UTF-8"?>
<!-- Generated by org.testng.reporters.JUnitReportReporter -->
<testsuite skipped="0" hostname="LAPTOP-N0G0NBDP" name="com.myapp.qa.Tests.AddressbookDemo" tests="1" failures="0" timestamp="05 Sep 2021 15:13:22 GMT" time="27.857" errors="0">
  <testcase name="setup" time="27.857" classname="com.myapp.qa.Tests.AddressbookDemo"/>
</testsuite> <!-- com.myapp.qa.Tests.AddressbookDemo -->
